\BOOKMARK [0][-]{chapter.1}{G\351n\351ralit\351s sur les modules}{}% 1
\BOOKMARK [1][-]{section.1.1}{La cat\351gorie des A-modules}{chapter.1}% 2
\BOOKMARK [2][-]{subsection.1.1.1}{Objets}{section.1.1}% 3
\BOOKMARK [2][-]{subsection.1.1.2}{Morphismes}{section.1.1}% 4
\BOOKMARK [2][-]{subsection.1.1.3}{Sous-objets et quotients}{section.1.1}% 5
\BOOKMARK [1][-]{section.1.2}{Propri\351t\351s g\351n\351rales, alias \253 A-Mod est une cat\351gorie ab\351lienne \273}{chapter.1}% 6
\BOOKMARK [2][-]{subsection.1.2.1}{Additivit\351}{section.1.2}% 7
\BOOKMARK [2][-]{subsection.1.2.2}{Produits et coproduits}{section.1.2}% 8
\BOOKMARK [2][-]{subsection.1.2.3}{Noyaux, Images, conoyaux, coimages}{section.1.2}% 9
\BOOKMARK [1][-]{section.1.3}{Suites exactes, chasse au diagramme}{chapter.1}% 10
\BOOKMARK [1][-]{section.1.4}{Op\351rations sur les sous-modules}{chapter.1}% 11
\BOOKMARK [2][-]{subsection.1.4.1}{Sous-modules engendr\351s}{section.1.4}% 12
\BOOKMARK [2][-]{subsection.1.4.2}{Deuxi\350me th\351or\350me d'isomorphisme}{section.1.4}% 13
\BOOKMARK [2][-]{subsection.1.4.3}{Sous-modules en somme directe et projecteurs}{section.1.4}% 14
\BOOKMARK [2][-]{subsection.1.4.4}{Suppl\351mentaires}{section.1.4}% 15
\BOOKMARK [0][-]{chapter.2}{Compl\351ments}{}% 16
\BOOKMARK [1][-]{section.2.1}{Modules de morphismes et dualit\351}{chapter.2}% 17
\BOOKMARK [1][-]{section.2.2}{Torsion}{chapter.2}% 18
\BOOKMARK [1][-]{section.2.3}{Changement de l'anneau de base}{chapter.2}% 19
\BOOKMARK [0][-]{chapter.3}{Modules particuliers}{}% 20
\BOOKMARK [1][-]{section.3.1}{Familles libre et g\351n\351ratrices}{chapter.3}% 21
\BOOKMARK [1][-]{section.3.2}{Modules de type fini}{chapter.3}% 22
\BOOKMARK [1][-]{section.3.3}{Modules libres}{chapter.3}% 23
\BOOKMARK [2][-]{subsection.3.3.1}{G\351n\351ralit\351s sur les bases, contre-exemples}{section.3.3}% 24
\BOOKMARK [2][-]{subsection.3.3.2}{Th\351orie de la dimension pour les espaces vectoriels \(admis\)}{section.3.3}% 25
\BOOKMARK [2][-]{subsection.3.3.3}{Th\351orie du rang pour les modules libres sur un anneau commutatif}{section.3.3}% 26
\BOOKMARK [2][-]{subsection.3.3.4}{Applications}{section.3.3}% 27
\BOOKMARK [1][-]{section.3.4}{Modules de pr\351sentation finie}{chapter.3}% 28
\BOOKMARK [1][-]{section.3.5}{Modules noeth\351riens \(et artiniens\)}{chapter.3}% 29
\BOOKMARK [0][-]{chapter.4}{Modules de type fini sur les anneaux principaux}{}% 30
